<?xml version="1.0" encoding="UTF-8"?>
<testsuite name="com.axelor.exception.db.TraceBackTest" tests="1" skipped="0" failures="0" errors="0" timestamp="2018-10-22T05:42:58" hostname="ws03" time="0.002">
  <properties/>
  <testcase name="testPersist" classname="com.axelor.exception.db.TraceBackTest" time="0.002"/>
  <system-out><![CDATA[Test
3
test
test1
test2
]]></system-out>
  <system-err><![CDATA[]]></system-err>
</testsuite>
