<?xml version="1.0" encoding="UTF-8"?>
<testsuite name="com.axelor.apps.tool.templating.STSampleTest" tests="1" skipped="0" failures="0" errors="0" timestamp="2018-10-23T06:25:54" hostname="ws03" time="0.488">
  <properties/>
  <testcase name="test" classname="com.axelor.apps.tool.templating.STSampleTest" time="0.488"/>
  <system-out><![CDATA[]]></system-out>
  <system-err><![CDATA[]]></system-err>
</testsuite>
