<?xml version="1.0" encoding="UTF-8"?>
<testsuite name="com.axelor.apps.tool.TestStringTool" tests="3" skipped="0" failures="0" errors="0" timestamp="2018-10-22T05:43:15" hostname="ws03" time="0.002">
  <properties/>
  <testcase name="testFillString" classname="com.axelor.apps.tool.TestStringTool" time="0.001"/>
  <testcase name="testToFirstLower" classname="com.axelor.apps.tool.TestStringTool" time="0.001"/>
  <testcase name="testToFirstUpper" classname="com.axelor.apps.tool.TestStringTool" time="0.0"/>
  <system-out><![CDATA[]]></system-out>
  <system-err><![CDATA[]]></system-err>
</testsuite>
