<?xml version="1.0" encoding="UTF-8"?>
<testsuite name="com.axelor.apps.tool.crypto.AESTest2" tests="1" skipped="0" failures="0" errors="0" timestamp="2018-10-19T11:23:20" hostname="ws03" time="0.196">
  <properties/>
  <testcase name="test" classname="com.axelor.apps.tool.crypto.AESTest2" time="0.196"/>
  <system-out><![CDATA[]]></system-out>
  <system-err><![CDATA[]]></system-err>
</testsuite>
