<?xml version="1.0" encoding="UTF-8"?>
<testsuite name="com.axelor.apps.tool.templating.STTest" tests="3" skipped="0" failures="0" errors="0" timestamp="2018-10-19T11:23:03" hostname="ws03" time="15.978">
  <properties/>
  <testcase name="test1" classname="com.axelor.apps.tool.templating.STTest" time="0.174"/>
  <testcase name="test2" classname="com.axelor.apps.tool.templating.STTest" time="2.407"/>
  <testcase name="test3" classname="com.axelor.apps.tool.templating.STTest" time="13.396"/>
  <system-out><![CDATA[]]></system-out>
  <system-err><![CDATA[]]></system-err>
</testsuite>
