<?xml version="1.0" encoding="UTF-8"?>
<testsuite name="com.axelor.apps.tool.templating.STSampleTest" tests="1" skipped="0" failures="0" errors="0" timestamp="2018-10-19T11:23:02" hostname="ws03" time="0.511">
  <properties/>
  <testcase name="test" classname="com.axelor.apps.tool.templating.STSampleTest" time="0.511"/>
  <system-out><![CDATA[]]></system-out>
  <system-err><![CDATA[]]></system-err>
</testsuite>
