<?xml version="1.0" encoding="UTF-8"?>
<testsuite name="com.axelor.apps.tool.InvokationTest" tests="1" skipped="0" failures="0" errors="0" timestamp="2018-10-23T06:26:11" hostname="ws03" time="0.805">
  <properties/>
  <testcase name="test" classname="com.axelor.apps.tool.InvokationTest" time="0.805"/>
  <system-out><![CDATA[]]></system-out>
  <system-err><![CDATA[]]></system-err>
</testsuite>
